<?xml version="1.0" encoding="UTF-8"?>
<!-- Generated by org.testng.reporters.JUnitXMLReporter -->
<testsuite hostname="vinw0080" name="Surefire test" tests="4" failures="2" timestamp="19 Mar 2021 16:03:58 GMT" time="62.822" errors="0">
  <testcase name="runScenario" time="25.448" classname="stepdefs.RunCucumberTest"/>
  <testcase name="runScenario" time="38.175" classname="stepdefs.RunCucumberTest">
    <failure type="java.lang.AssertionError" message="[The title &amp;apos;testautomationday.com&amp;apos; doesn&amp;apos;t contain required word on 5 pages] 
Expecting value to be true but was false">
      <![CDATA[java.lang.AssertionError: [The title 'testautomationday.com' doesn't contain required word on 5 pages] 
Expecting value to be true but was false
	at stepdefs.CucumberTest.verifyingDomainOnPages(CucumberTest.java:46)
	at âœ½.Verifying Title on 5 pages "testautomationday.com"(file:///E:/Inte/EpamTestTask/src/test/resources/features/GoogleSearchDomain.feature:6)
]]>
    </failure>
  </testcase> <!-- runScenario -->
  <testcase name="SearchInFirstFivePages" time="14.694" classname="stepdefs.Tests">
    <failure type="java.lang.AssertionError" message="[There no such domain which we looking for (testautomationday.com)] 
Expecting value to be true but was false">
      <![CDATA[java.lang.AssertionError: [There no such domain which we looking for (testautomationday.com)] 
Expecting value to be true but was false
	at stepdefs.Tests.SearchInFirstFivePages(Tests.java:46)
... Removed 29 stack frames]]>
    </failure>
  </testcase> <!-- SearchInFirstFivePages -->
  <testcase name="SearchTest" time="1.448" classname="stepdefs.Tests"/>
</testsuite> <!-- Surefire test -->
