<html>
<head>
<title>TestNG:  Surefire test</title>
<link href="../testng.css" rel="stylesheet" type="text/css" />
<link href="../my-testng.css" rel="stylesheet" type="text/css" />

<style type="text/css">
.log { display: none;} 
.stack-trace { display: none;} 
</style>
<script type="text/javascript">
<!--
function flip(e) {
  current = e.style.display;
  if (current == 'block') {
    e.style.display = 'none';
    return 0;
  }
  else {
    e.style.display = 'block';
    return 1;
  }
}

function toggleBox(szDivId, elem, msg1, msg2)
{
  var res = -1;  if (document.getElementById) {
    res = flip(document.getElementById(szDivId));
  }
  else if (document.all) {
    // this is the way old msie versions work
    res = flip(document.all[szDivId]);
  }
  if(elem) {
    if(res == 0) elem.innerHTML = msg1; else elem.innerHTML = msg2;
  }

}

function toggleAllBoxes() {
  if (document.getElementsByTagName) {
    d = document.getElementsByTagName('div');
    for (i = 0; i < d.length; i++) {
      if (d[i].className == 'log') {
        flip(d[i]);
      }
    }
  }
}

// -->
</script>

</head>
<body>
<h2 align='center'>Surefire test</h2><table border='1' align="center">
<tr>
<td>Tests passed/Failed/Skipped:</td><td>2/2/0</td>
</tr><tr>
<td>Started on:</td><td>Fri Mar 19 18:02:55 EET 2021</td>
</tr>
<tr><td>Total time:</td><td>62 seconds (62822 ms)</td>
</tr><tr>
<td>Included groups:</td><td></td>
</tr><tr>
<td>Excluded groups:</td><td></td>
</tr>
</table><p/>
<small><i>(Hover the method name to see the test class name)</i></small><p/>
<table width='100%' border='1' class='invocation-failed'>
<tr><td colspan='4' align='center'><b>FAILED TESTS</b></td></tr>
<tr><td><b>Test method</b></td>
<td width="30%"><b>Exception</b></td>
<td width="10%"><b>Time (seconds)</b></td>
<td><b>Instance</b></td>
</tr>
<tr>
<td title='stepdefs.Tests.SearchInFirstFivePages()'><b>SearchInFirstFivePages</b><br>Test class: stepdefs.Tests</td>
<td><div><pre>java.lang.AssertionError: [There no such domain which we looking for (testautomationday.com)] 
Expecting value to be true but was false
	at stepdefs.Tests.SearchInFirstFivePages(Tests.java:46)
... Removed 29 stack frames</pre></div><a href='#' onClick='toggleBox("stack-trace2097361633", this, "Click to show all stack frames", "Click to hide stack frames")'>Click to show all stack frames</a>
<div class='stack-trace' id='stack-trace2097361633'><pre>java.lang.AssertionError: [There no such domain which we looking for (testautomationday.com)] 
Expecting value to be true but was false
	at stepdefs.Tests.SearchInFirstFivePages(Tests.java:46)
	at sun.reflect.NativeMethodAccessorImpl.invoke0(Native Method)
	at sun.reflect.NativeMethodAccessorImpl.invoke(NativeMethodAccessorImpl.java:62)
	at sun.reflect.DelegatingMethodAccessorImpl.invoke(DelegatingMethodAccessorImpl.java:43)
	at java.lang.reflect.Method.invoke(Method.java:498)
	at org.testng.internal.MethodInvocationHelper.invokeMethod(MethodInvocationHelper.java:86)
	at org.testng.internal.Invoker.invokeMethod(Invoker.java:643)
	at org.testng.internal.Invoker.invokeTestMethod(Invoker.java:820)
	at org.testng.internal.Invoker.invokeTestMethods(Invoker.java:1128)
	at org.testng.internal.TestMethodWorker.invokeTestMethods(TestMethodWorker.java:129)
	at org.testng.internal.TestMethodWorker.run(TestMethodWorker.java:112)
	at org.testng.TestRunner.privateRun(TestRunner.java:782)
	at org.testng.TestRunner.run(TestRunner.java:632)
	at org.testng.SuiteRunner.runTest(SuiteRunner.java:366)
	at org.testng.SuiteRunner.runSequentially(SuiteRunner.java:361)
	at org.testng.SuiteRunner.privateRun(SuiteRunner.java:319)
	at org.testng.SuiteRunner.run(SuiteRunner.java:268)
	at org.testng.SuiteRunnerWorker.runSuite(SuiteRunnerWorker.java:52)
	at org.testng.SuiteRunnerWorker.run(SuiteRunnerWorker.java:86)
	at org.testng.TestNG.runSuitesSequentially(TestNG.java:1244)
	at org.testng.TestNG.runSuitesLocally(TestNG.java:1169)
	at org.testng.TestNG.run(TestNG.java:1064)
	at org.apache.maven.surefire.testng.TestNGExecutor.run(TestNGExecutor.java:135)
	at org.apache.maven.surefire.testng.TestNGDirectoryTestSuite.executeMulti(TestNGDirectoryTestSuite.java:193)
	at org.apache.maven.surefire.testng.TestNGDirectoryTestSuite.execute(TestNGDirectoryTestSuite.java:94)
	at org.apache.maven.surefire.testng.TestNGProvider.invoke(TestNGProvider.java:146)
	at org.apache.maven.surefire.booter.ForkedBooter.invokeProviderInSameClassLoader(ForkedBooter.java:383)
	at org.apache.maven.surefire.booter.ForkedBooter.runSuitesInProcess(ForkedBooter.java:344)
	at org.apache.maven.surefire.booter.ForkedBooter.execute(ForkedBooter.java:125)
	at org.apache.maven.surefire.booter.ForkedBooter.main(ForkedBooter.java:417)
</pre></div></td>
<td>14</td>
<td>stepdefs.Tests@1b604f19</td></tr>
<tr>
<td title='stepdefs.RunCucumberTest.runScenario()'><b>runScenario</b><br>Test class: stepdefs.RunCucumberTest<br>Test method: Runs Cucumber Scenarios<br>Parameters: "Two", "Optional[Test Google Search Functionality]"</td>
<td><div><pre>java.lang.AssertionError: [The title &apos;testautomationday.com&apos; doesn&apos;t contain required word on 5 pages] 
Expecting value to be true but was false
	at stepdefs.CucumberTest.verifyingDomainOnPages(CucumberTest.java:46)
	at ?.Verifying Title on 5 pages &quot;testautomationday.com&quot;(file:///E:/Inte/EpamTestTask/src/test/resources/features/GoogleSearchDomain.feature:6)
</pre></div><a href='#' onClick='toggleBox("stack-trace1251516915", this, "Click to show all stack frames", "Click to hide stack frames")'>Click to show all stack frames</a>
<div class='stack-trace' id='stack-trace1251516915'><pre>java.lang.AssertionError: [The title &apos;testautomationday.com&apos; doesn&apos;t contain required word on 5 pages] 
Expecting value to be true but was false
	at stepdefs.CucumberTest.verifyingDomainOnPages(CucumberTest.java:46)
	at ?.Verifying Title on 5 pages &quot;testautomationday.com&quot;(file:///E:/Inte/EpamTestTask/src/test/resources/features/GoogleSearchDomain.feature:6)
</pre></div></td>
<td>38</td>
<td>stepdefs.RunCucumberTest@7823a2f9</td></tr>
</table><p>
<table width='100%' border='1' class='invocation-passed'>
<tr><td colspan='4' align='center'><b>PASSED TESTS</b></td></tr>
<tr><td><b>Test method</b></td>
<td width="30%"><b>Exception</b></td>
<td width="10%"><b>Time (seconds)</b></td>
<td><b>Instance</b></td>
</tr>
<tr>
<td title='stepdefs.Tests.SearchTest()'><b>SearchTest</b><br>Test class: stepdefs.Tests</td>
<td></td>
<td>1</td>
<td>stepdefs.Tests@1b604f19</td></tr>
<tr>
<td title='stepdefs.RunCucumberTest.runScenario()'><b>runScenario</b><br>Test class: stepdefs.RunCucumberTest<br>Test method: Runs Cucumber Scenarios<br>Parameters: "One", "Optional[Test Google Search Functionality]"</td>
<td></td>
<td>25</td>
<td>stepdefs.RunCucumberTest@7823a2f9</td></tr>
</table><p>
</body>
</html>