<!DOCTYPE html PUBLIC "-//W3C//DTD XHTML 1.1//EN" "http://www.w3.org/TR/xhtml11/DTD/xhtml11.dtd">
<html xmlns="http://www.w3.org/1999/xhtml"><head><title>TestNG Report</title><style type="text/css">table {margin-bottom:10px;border-collapse:collapse;empty-cells:show}th,td {border:1px solid #009;padding:.25em .5em}th {vertical-align:bottom}td {vertical-align:top}table a {font-weight:bold}.stripe td {background-color: #E6EBF9}.num {text-align:right}.passedodd td {background-color: #3F3}.passedeven td {background-color: #0A0}.skippedodd td {background-color: #DDD}.skippedeven td {background-color: #CCC}.failedodd td,.attn {background-color: #F33}.failedeven td,.stripe .attn {background-color: #D00}.stacktrace {white-space:pre;font-family:monospace}.totop {font-size:85%;text-align:center;border-bottom:2px solid #000}</style></head><body><table><tr><th>Test</th><th># Passed</th><th># Skipped</th><th># Failed</th><th>Time (ms)</th><th>Included Groups</th><th>Excluded Groups</th></tr><tr><th colspan="7">Surefire suite</th></tr><tr><td><a href="#t0">Surefire test</a></td><td class="num">2</td><td class="num">0</td><td class="num attn">2</td><td class="num">62,822</td><td></td><td></td></tr></table><table><thead><tr><th>Class</th><th>Method</th><th>Start</th><th>Time (ms)</th></tr></thead><tbody><tr><th colspan="4">Surefire suite</th></tr></tbody><tbody id="t0"><tr><th colspan="4">Surefire test &#8212; failed</th></tr><tr class="failedeven"><td rowspan="1">stepdefs.RunCucumberTest</td><td><a href="#m0">runScenario</a></td><td rowspan="1">1616169779666</td><td rowspan="1">38175</td></tr><tr class="failedodd"><td rowspan="1">stepdefs.Tests</td><td><a href="#m1">SearchInFirstFivePages</a></td><td rowspan="1">1616169817950</td><td rowspan="1">14694</td></tr><tr><th colspan="4">Surefire test &#8212; passed</th></tr><tr class="passedeven"><td rowspan="1">stepdefs.RunCucumberTest</td><td><a href="#m2">runScenario</a></td><td rowspan="1">1616169779666</td><td rowspan="1">25448</td></tr><tr class="passedodd"><td rowspan="1">stepdefs.Tests</td><td><a href="#m3">SearchTest</a></td><td rowspan="1">1616169832644</td><td rowspan="1">1448</td></tr></tbody></table><h2>Surefire test</h2><h3 id="m0">stepdefs.RunCucumberTest#runScenario</h3><table class="result"><tr class="param"><th>Parameter #1</th><th>Parameter #2</th></tr><tr class="param stripe"><td>&quot;Two&quot;</td><td>&quot;Optional[Test Google Search Functionality]&quot;</td></tr><tr><th colspan="2">Exception</th></tr><tr><td colspan="2"><div class="stacktrace">java.lang.AssertionError: [The title &apos;testautomationday.com&apos; doesn&apos;t contain required word on 5 pages] 
Expecting value to be true but was false
	at stepdefs.CucumberTest.verifyingDomainOnPages(CucumberTest.java:46)
	at ?.Verifying Title on 5 pages &quot;testautomationday.com&quot;(file:///E:/Inte/EpamTestTask/src/test/resources/features/GoogleSearchDomain.feature:6)
</div></td></tr></table><p class="totop"><a href="#summary">back to summary</a></p><h3 id="m1">stepdefs.Tests#SearchInFirstFivePages</h3><table class="result"><tr><th>Exception</th></tr><tr><td><div class="stacktrace">java.lang.AssertionError: [There no such domain which we looking for (testautomationday.com)] 
Expecting value to be true but was false
	at stepdefs.Tests.SearchInFirstFivePages(Tests.java:46)
... Removed 29 stack frames</div></td></tr></table><p class="totop"><a href="#summary">back to summary</a></p><h3 id="m2">stepdefs.RunCucumberTest#runScenario</h3><table class="result"><tr class="param"><th>Parameter #1</th><th>Parameter #2</th></tr><tr class="param stripe"><td>&quot;One&quot;</td><td>&quot;Optional[Test Google Search Functionality]&quot;</td></tr></table><p class="totop"><a href="#summary">back to summary</a></p><h3 id="m3">stepdefs.Tests#SearchTest</h3><table class="result"></table><p class="totop"><a href="#summary">back to summary</a></p></body></html>