<?xml version="1.0" encoding="UTF-8"?>
<testng-results skipped="0" failed="2" total="4" passed="2">
  <reporter-output>
  </reporter-output>
  <suite name="Surefire suite" duration-ms="62822" started-at="2021-03-19T16:02:55Z" finished-at="2021-03-19T16:03:58Z">
    <groups>
      <group name="cucumber">
        <method signature="AbstractTestNGCucumberTests.runScenario(io.cucumber.testng.PickleWrapper, io.cucumber.testng.FeatureWrapper)[pri:0, instance:stepdefs.RunCucumberTest@7823a2f9]" name="runScenario" class="io.cucumber.testng.AbstractTestNGCucumberTests"/>
      </group> <!-- cucumber -->
    </groups>
    <test name="Surefire test" duration-ms="62822" started-at="2021-03-19T16:02:55Z" finished-at="2021-03-19T16:03:58Z">
      <class name="stepdefs.RunCucumberTest">
        <test-method status="PASS" signature="setUpClass()[pri:0, instance:stepdefs.RunCucumberTest@7823a2f9]" name="setUpClass" is-config="true" duration-ms="601" started-at="2021-03-19T18:02:59Z" finished-at="2021-03-19T18:02:59Z">
          <reporter-output>
          </reporter-output>
        </test-method> <!-- setUpClass -->
        <test-method status="FAIL" signature="runScenario(io.cucumber.testng.PickleWrapper, io.cucumber.testng.FeatureWrapper)[pri:0, instance:stepdefs.RunCucumberTest@7823a2f9]" name="runScenario" duration-ms="38175" started-at="2021-03-19T18:02:59Z" description="Runs Cucumber Scenarios" data-provider="scenarios" finished-at="2021-03-19T18:03:37Z">
          <params>
            <param index="0">
              <value>
                <![CDATA["Two"]]>
              </value>
            </param>
            <param index="1">
              <value>
                <![CDATA["Optional[Test Google Search Functionality]"]]>
              </value>
            </param>
          </params>
          <exception class="java.lang.AssertionError">
            <message>
              <![CDATA[[The title 'testautomationday.com' doesn't contain required word on 5 pages] 
Expecting value to be true but was false]]>
            </message>
            <full-stacktrace>
              <![CDATA[java.lang.AssertionError: [The title 'testautomationday.com' doesn't contain required word on 5 pages] 
Expecting value to be true but was false
	at stepdefs.CucumberTest.verifyingDomainOnPages(CucumberTest.java:46)
	at âœ½.Verifying Title on 5 pages "testautomationday.com"(file:///E:/Inte/EpamTestTask/src/test/resources/features/GoogleSearchDomain.feature:6)
]]>
            </full-stacktrace>
          </exception> <!-- java.lang.AssertionError -->
          <reporter-output>
          </reporter-output>
        </test-method> <!-- runScenario -->
        <test-method status="PASS" signature="runScenario(io.cucumber.testng.PickleWrapper, io.cucumber.testng.FeatureWrapper)[pri:0, instance:stepdefs.RunCucumberTest@7823a2f9]" name="runScenario" duration-ms="25448" started-at="2021-03-19T18:02:59Z" description="Runs Cucumber Scenarios" data-provider="scenarios" finished-at="2021-03-19T18:03:25Z">
          <params>
            <param index="0">
              <value>
                <![CDATA["One"]]>
              </value>
            </param>
            <param index="1">
              <value>
                <![CDATA["Optional[Test Google Search Functionality]"]]>
              </value>
            </param>
          </params>
          <reporter-output>
          </reporter-output>
        </test-method> <!-- runScenario -->
        <test-method status="PASS" signature="tearDownClass()[pri:0, instance:stepdefs.RunCucumberTest@7823a2f9]" name="tearDownClass" is-config="true" duration-ms="102" started-at="2021-03-19T18:03:37Z" finished-at="2021-03-19T18:03:37Z">
          <reporter-output>
          </reporter-output>
        </test-method> <!-- tearDownClass -->
      </class> <!-- stepdefs.RunCucumberTest -->
      <class name="stepdefs.Tests">
        <test-method status="PASS" signature="setUp()[pri:0, instance:stepdefs.Tests@1b604f19]" name="setUp" is-config="true" duration-ms="3685" started-at="2021-03-19T18:02:55Z" finished-at="2021-03-19T18:02:59Z">
          <reporter-output>
          </reporter-output>
        </test-method> <!-- setUp -->
        <test-method status="FAIL" signature="SearchInFirstFivePages()[pri:0, instance:stepdefs.Tests@1b604f19]" name="SearchInFirstFivePages" duration-ms="14694" started-at="2021-03-19T18:03:37Z" finished-at="2021-03-19T18:03:52Z">
          <exception class="java.lang.AssertionError">
            <message>
              <![CDATA[[There no such domain which we looking for (testautomationday.com)] 
Expecting value to be true but was false]]>
            </message>
            <full-stacktrace>
              <![CDATA[java.lang.AssertionError: [There no such domain which we looking for (testautomationday.com)] 
Expecting value to be true but was false
	at stepdefs.Tests.SearchInFirstFivePages(Tests.java:46)
	at sun.reflect.NativeMethodAccessorImpl.invoke0(Native Method)
	at sun.reflect.NativeMethodAccessorImpl.invoke(NativeMethodAccessorImpl.java:62)
	at sun.reflect.DelegatingMethodAccessorImpl.invoke(DelegatingMethodAccessorImpl.java:43)
	at java.lang.reflect.Method.invoke(Method.java:498)
	at org.testng.internal.MethodInvocationHelper.invokeMethod(MethodInvocationHelper.java:86)
	at org.testng.internal.Invoker.invokeMethod(Invoker.java:643)
	at org.testng.internal.Invoker.invokeTestMethod(Invoker.java:820)
	at org.testng.internal.Invoker.invokeTestMethods(Invoker.java:1128)
	at org.testng.internal.TestMethodWorker.invokeTestMethods(TestMethodWorker.java:129)
	at org.testng.internal.TestMethodWorker.run(TestMethodWorker.java:112)
	at org.testng.TestRunner.privateRun(TestRunner.java:782)
	at org.testng.TestRunner.run(TestRunner.java:632)
	at org.testng.SuiteRunner.runTest(SuiteRunner.java:366)
	at org.testng.SuiteRunner.runSequentially(SuiteRunner.java:361)
	at org.testng.SuiteRunner.privateRun(SuiteRunner.java:319)
	at org.testng.SuiteRunner.run(SuiteRunner.java:268)
	at org.testng.SuiteRunnerWorker.runSuite(SuiteRunnerWorker.java:52)
	at org.testng.SuiteRunnerWorker.run(SuiteRunnerWorker.java:86)
	at org.testng.TestNG.runSuitesSequentially(TestNG.java:1244)
	at org.testng.TestNG.runSuitesLocally(TestNG.java:1169)
	at org.testng.TestNG.run(TestNG.java:1064)
	at org.apache.maven.surefire.testng.TestNGExecutor.run(TestNGExecutor.java:135)
	at org.apache.maven.surefire.testng.TestNGDirectoryTestSuite.executeMulti(TestNGDirectoryTestSuite.java:193)
	at org.apache.maven.surefire.testng.TestNGDirectoryTestSuite.execute(TestNGDirectoryTestSuite.java:94)
	at org.apache.maven.surefire.testng.TestNGProvider.invoke(TestNGProvider.java:146)
	at org.apache.maven.surefire.booter.ForkedBooter.invokeProviderInSameClassLoader(ForkedBooter.java:383)
	at org.apache.maven.surefire.booter.ForkedBooter.runSuitesInProcess(ForkedBooter.java:344)
	at org.apache.maven.surefire.booter.ForkedBooter.execute(ForkedBooter.java:125)
	at org.apache.maven.surefire.booter.ForkedBooter.main(ForkedBooter.java:417)
]]>
            </full-stacktrace>
          </exception> <!-- java.lang.AssertionError -->
          <reporter-output>
          </reporter-output>
        </test-method> <!-- SearchInFirstFivePages -->
        <test-method status="PASS" signature="SearchTest()[pri:0, instance:stepdefs.Tests@1b604f19]" name="SearchTest" duration-ms="1448" started-at="2021-03-19T18:03:52Z" finished-at="2021-03-19T18:03:54Z">
          <reporter-output>
          </reporter-output>
        </test-method> <!-- SearchTest -->
        <test-method status="PASS" signature="shutDown()[pri:0, instance:stepdefs.Tests@1b604f19]" name="shutDown" is-config="true" duration-ms="4092" started-at="2021-03-19T18:03:54Z" finished-at="2021-03-19T18:03:58Z">
          <reporter-output>
          </reporter-output>
        </test-method> <!-- shutDown -->
      </class> <!-- stepdefs.Tests -->
    </test> <!-- Surefire test -->
  </suite> <!-- Surefire suite -->
</testng-results>
