<?xml version="1.0" encoding="UTF-8"?>
<!-- Generated by org.testng.reporters.JUnitReportReporter -->
<testsuite hostname="vinw0080" name="stepdefs.RunCucumberTest" tests="2" failures="1" timestamp="19 Mar 2021 15:54:25 GMT" time="72.673" errors="0">
  <testcase name="runScenario" time="29.580" classname="stepdefs.RunCucumberTest"/>
  <testcase name="runScenario" time="43.093" classname="stepdefs.RunCucumberTest">
    <failure type="java.lang.AssertionError" message="[The title &#039;testautomationday.com&#039; doesn&#039;t contain required word on 5 pages] 
Expecting value to be true but was false">
      <![CDATA[java.lang.AssertionError: [The title 'testautomationday.com' doesn't contain required word on 5 pages] 
Expecting value to be true but was false
	at stepdefs.CucumberTest.verifyingDomainOnPages(CucumberTest.java:65)
	at âœ½.Verifying Title on 5 pages "testautomationday.com"(file:///E:/Inte/EpamTestTask/src/test/resources/features/GoogleSearchDomain.feature:9)
]]>
    </failure>
  </testcase> <!-- runScenario -->
</testsuite> <!-- stepdefs.RunCucumberTest -->
